2013/05/21 02:58:46 [warning] [application] Failed to set unsafe attribute "count" of "DrcUser".
in C:\Users\jsnook\phpFog\ucsc\drc-etext\protected\modules\base\models\BaseModel.php (84)
in C:\Users\jsnook\phpFog\ucsc\drc-etext\protected\modules\base\models\User.php (215)
in C:\Users\jsnook\phpFog\ucsc\drc-etext\protected\models\DrcUser.php (264)
2013/05/21 02:59:14 [warning] [application] Failed to set unsafe attribute "count" of "DrcUser".
in C:\Users\jsnook\phpFog\ucsc\drc-etext\protected\modules\base\models\BaseModel.php (84)
in C:\Users\jsnook\phpFog\ucsc\drc-etext\protected\modules\base\models\User.php (215)
in C:\Users\jsnook\phpFog\ucsc\drc-etext\protected\models\DrcUser.php (264)
2013/05/21 02:59:50 [warning] [application] Failed to set unsafe attribute "count" of "DrcUser".
in C:\Users\jsnook\phpFog\ucsc\drc-etext\protected\modules\base\models\BaseModel.php (84)
in C:\Users\jsnook\phpFog\ucsc\drc-etext\protected\modules\base\models\User.php (215)
in C:\Users\jsnook\phpFog\ucsc\drc-etext\protected\models\DrcUser.php (264)
2013/05/21 02:59:58 [warning] [application] Failed to set unsafe attribute "count" of "DrcUser".
in C:\Users\jsnook\phpFog\ucsc\drc-etext\protected\modules\base\models\BaseModel.php (84)
in C:\Users\jsnook\phpFog\ucsc\drc-etext\protected\modules\base\models\User.php (215)
in C:\Users\jsnook\phpFog\ucsc\drc-etext\protected\models\DrcUser.php (264)
2013/05/21 18:56:01 [warning] [application] Failed to set unsafe attribute "count" of "DrcUser".
in C:\Users\jsnook\phpFog\ucsc\drc-etext\protected\modules\base\models\BaseModel.php (84)
in C:\Users\jsnook\phpFog\ucsc\drc-etext\protected\modules\base\models\User.php (215)
in C:\Users\jsnook\phpFog\ucsc\drc-etext\protected\models\DrcUser.php (264)
2013/05/21 18:57:38 [error] [exception.CHttpException.404] exception 'CHttpException' with message 'Data saved: username = calden03e5, term: 2122, class: 62390' in C:\Users\jsnook\phpFog\ucsc\drc-etext\protected\controllers\DrcUserController.php:162
Stack trace:
#0 C:\Users\jsnook\phpFog\ucsc\framework\web\actions\CInlineAction.php(50): DrcUserController->actionSetFileType()
#1 C:\Users\jsnook\phpFog\ucsc\framework\web\CController.php(309): CInlineAction->runWithParams(Array)
#2 C:\Users\jsnook\phpFog\ucsc\framework\web\filters\CFilterChain.php(134): CController->runAction(Object(CInlineAction))
#3 C:\Users\jsnook\phpFog\ucsc\framework\web\filters\CFilter.php(41): CFilterChain->run()
#4 C:\Users\jsnook\phpFog\ucsc\framework\web\CController.php(1146): CFilter->filter(Object(CFilterChain))
#5 C:\Users\jsnook\phpFog\ucsc\framework\web\filters\CInlineFilter.php(59): CController->filterAccessControl(Object(CFilterChain))
#6 C:\Users\jsnook\phpFog\ucsc\framework\web\filters\CFilterChain.php(131): CInlineFilter->filter(Object(CFilterChain))
#7 C:\Users\jsnook\phpFog\ucsc\framework\web\CController.php(292): CFilterChain->run()
#8 C:\Users\jsnook\phpFog\ucsc\framework\web\CController.php(266): CController->runActionWithFilters(Object(CInlineAction), Array)
#9 C:\Users\jsnook\phpFog\ucsc\framework\web\CWebApplication.php(276): CController->run('SetFileType')
#10 C:\Users\jsnook\phpFog\ucsc\framework\web\CWebApplication.php(135): CWebApplication->runController('drcUser/SetFile...')
#11 C:\Users\jsnook\phpFog\ucsc\framework\base\CApplication.php(162): CWebApplication->processRequest()
#12 C:\Users\jsnook\phpFog\ucsc\drc-etext\index.php(13): CApplication->run()
#13 {main}
REQUEST_URI=/drc-etext/index.php/drcUser/SetFileType
HTTP_REFERER=http://localhost/drc-etext/index.php/drcUser/courses/username/calden03e5/term_code/2122
---
2013/05/21 18:58:25 [warning] [application] Failed to set unsafe attribute "count" of "DrcUser".
in C:\Users\jsnook\phpFog\ucsc\drc-etext\protected\modules\base\models\BaseModel.php (84)
in C:\Users\jsnook\phpFog\ucsc\drc-etext\protected\modules\base\models\User.php (215)
in C:\Users\jsnook\phpFog\ucsc\drc-etext\protected\models\DrcUser.php (264)
2013/05/21 18:58:37 [warning] [application] Failed to set unsafe attribute "count" of "DrcUser".
in C:\Users\jsnook\phpFog\ucsc\drc-etext\protected\modules\base\models\BaseModel.php (84)
in C:\Users\jsnook\phpFog\ucsc\drc-etext\protected\modules\base\models\User.php (215)
in C:\Users\jsnook\phpFog\ucsc\drc-etext\protected\models\DrcUser.php (264)
2013/05/21 19:36:02 [error] [exception.CHttpException.404] exception 'CHttpException' with message 'Data saved: username = calden03e5, term: 2122, class: 62390' in C:\Users\jsnook\phpFog\ucsc\drc-etext\protected\controllers\DrcUserController.php:162
Stack trace:
#0 C:\Users\jsnook\phpFog\ucsc\framework\web\actions\CInlineAction.php(50): DrcUserController->actionSetFileType()
#1 C:\Users\jsnook\phpFog\ucsc\framework\web\CController.php(309): CInlineAction->runWithParams(Array)
#2 C:\Users\jsnook\phpFog\ucsc\framework\web\filters\CFilterChain.php(134): CController->runAction(Object(CInlineAction))
#3 C:\Users\jsnook\phpFog\ucsc\framework\web\filters\CFilter.php(41): CFilterChain->run()
#4 C:\Users\jsnook\phpFog\ucsc\framework\web\CController.php(1146): CFilter->filter(Object(CFilterChain))
#5 C:\Users\jsnook\phpFog\ucsc\framework\web\filters\CInlineFilter.php(59): CController->filterAccessControl(Object(CFilterChain))
#6 C:\Users\jsnook\phpFog\ucsc\framework\web\filters\CFilterChain.php(131): CInlineFilter->filter(Object(CFilterChain))
#7 C:\Users\jsnook\phpFog\ucsc\framework\web\CController.php(292): CFilterChain->run()
#8 C:\Users\jsnook\phpFog\ucsc\framework\web\CController.php(266): CController->runActionWithFilters(Object(CInlineAction), Array)
#9 C:\Users\jsnook\phpFog\ucsc\framework\web\CWebApplication.php(276): CController->run('SetFileType')
#10 C:\Users\jsnook\phpFog\ucsc\framework\web\CWebApplication.php(135): CWebApplication->runController('drcUser/SetFile...')
#11 C:\Users\jsnook\phpFog\ucsc\framework\base\CApplication.php(162): CWebApplication->processRequest()
#12 C:\Users\jsnook\phpFog\ucsc\drc-etext\index.php(13): CApplication->run()
#13 {main}
REQUEST_URI=/drc-etext/index.php/drcUser/SetFileType
HTTP_REFERER=http://localhost/drc-etext/index.php/drcUser/courses/username/calden03e5/term_code/2122
---
2013/05/21 19:36:08 [warning] [application] Failed to set unsafe attribute "count" of "DrcUser".
in C:\Users\jsnook\phpFog\ucsc\drc-etext\protected\modules\base\models\BaseModel.php (84)
in C:\Users\jsnook\phpFog\ucsc\drc-etext\protected\modules\base\models\User.php (215)
in C:\Users\jsnook\phpFog\ucsc\drc-etext\protected\models\DrcUser.php (264)
2013/05/21 19:36:13 [warning] [application] Failed to set unsafe attribute "count" of "DrcUser".
in C:\Users\jsnook\phpFog\ucsc\drc-etext\protected\modules\base\models\BaseModel.php (84)
in C:\Users\jsnook\phpFog\ucsc\drc-etext\protected\modules\base\models\User.php (215)
in C:\Users\jsnook\phpFog\ucsc\drc-etext\protected\models\DrcUser.php (264)
2013/05/21 19:39:35 [error] [exception.CHttpException.404] exception 'CHttpException' with message 'Data saved: username = calden03e5, term: 2122, class: 62390' in C:\Users\jsnook\phpFog\ucsc\drc-etext\protected\controllers\DrcUserController.php:162
Stack trace:
#0 C:\Users\jsnook\phpFog\ucsc\framework\web\actions\CInlineAction.php(50): DrcUserController->actionSetFileType()
#1 C:\Users\jsnook\phpFog\ucsc\framework\web\CController.php(309): CInlineAction->runWithParams(Array)
#2 C:\Users\jsnook\phpFog\ucsc\framework\web\filters\CFilterChain.php(134): CController->runAction(Object(CInlineAction))
#3 C:\Users\jsnook\phpFog\ucsc\framework\web\filters\CFilter.php(41): CFilterChain->run()
#4 C:\Users\jsnook\phpFog\ucsc\framework\web\CController.php(1146): CFilter->filter(Object(CFilterChain))
#5 C:\Users\jsnook\phpFog\ucsc\framework\web\filters\CInlineFilter.php(59): CController->filterAccessControl(Object(CFilterChain))
#6 C:\Users\jsnook\phpFog\ucsc\framework\web\filters\CFilterChain.php(131): CInlineFilter->filter(Object(CFilterChain))
#7 C:\Users\jsnook\phpFog\ucsc\framework\web\CController.php(292): CFilterChain->run()
#8 C:\Users\jsnook\phpFog\ucsc\framework\web\CController.php(266): CController->runActionWithFilters(Object(CInlineAction), Array)
#9 C:\Users\jsnook\phpFog\ucsc\framework\web\CWebApplication.php(276): CController->run('SetFileType')
#10 C:\Users\jsnook\phpFog\ucsc\framework\web\CWebApplication.php(135): CWebApplication->runController('drcUser/SetFile...')
#11 C:\Users\jsnook\phpFog\ucsc\framework\base\CApplication.php(162): CWebApplication->processRequest()
#12 C:\Users\jsnook\phpFog\ucsc\drc-etext\index.php(13): CApplication->run()
#13 {main}
REQUEST_URI=/drc-etext/index.php/drcUser/SetFileType
HTTP_REFERER=http://localhost/drc-etext/index.php/drcUser/courses/username/calden03e5/term_code/2122
---
2013/05/21 19:39:40 [warning] [application] Failed to set unsafe attribute "count" of "DrcUser".
in C:\Users\jsnook\phpFog\ucsc\drc-etext\protected\modules\base\models\BaseModel.php (84)
in C:\Users\jsnook\phpFog\ucsc\drc-etext\protected\modules\base\models\User.php (215)
in C:\Users\jsnook\phpFog\ucsc\drc-etext\protected\models\DrcUser.php (264)
2013/05/21 19:39:44 [warning] [application] Failed to set unsafe attribute "count" of "DrcUser".
in C:\Users\jsnook\phpFog\ucsc\drc-etext\protected\modules\base\models\BaseModel.php (84)
in C:\Users\jsnook\phpFog\ucsc\drc-etext\protected\modules\base\models\User.php (215)
in C:\Users\jsnook\phpFog\ucsc\drc-etext\protected\models\DrcUser.php (264)
2013/05/21 19:57:30 [error] [exception.CHttpException.404] exception 'CHttpException' with message 'Data saved: username = calden03e5, term: 2122, class: 62390' in C:\Users\jsnook\phpFog\ucsc\drc-etext\protected\controllers\DrcUserController.php:162
Stack trace:
#0 C:\Users\jsnook\phpFog\ucsc\framework\web\actions\CInlineAction.php(50): DrcUserController->actionSetFileType()
#1 C:\Users\jsnook\phpFog\ucsc\framework\web\CController.php(309): CInlineAction->runWithParams(Array)
#2 C:\Users\jsnook\phpFog\ucsc\framework\web\filters\CFilterChain.php(134): CController->runAction(Object(CInlineAction))
#3 C:\Users\jsnook\phpFog\ucsc\framework\web\filters\CFilter.php(41): CFilterChain->run()
#4 C:\Users\jsnook\phpFog\ucsc\framework\web\CController.php(1146): CFilter->filter(Object(CFilterChain))
#5 C:\Users\jsnook\phpFog\ucsc\framework\web\filters\CInlineFilter.php(59): CController->filterAccessControl(Object(CFilterChain))
#6 C:\Users\jsnook\phpFog\ucsc\framework\web\filters\CFilterChain.php(131): CInlineFilter->filter(Object(CFilterChain))
#7 C:\Users\jsnook\phpFog\ucsc\framework\web\CController.php(292): CFilterChain->run()
#8 C:\Users\jsnook\phpFog\ucsc\framework\web\CController.php(266): CController->runActionWithFilters(Object(CInlineAction), Array)
#9 C:\Users\jsnook\phpFog\ucsc\framework\web\CWebApplication.php(276): CController->run('SetFileType')
#10 C:\Users\jsnook\phpFog\ucsc\framework\web\CWebApplication.php(135): CWebApplication->runController('drcUser/SetFile...')
#11 C:\Users\jsnook\phpFog\ucsc\framework\base\CApplication.php(162): CWebApplication->processRequest()
#12 C:\Users\jsnook\phpFog\ucsc\drc-etext\index.php(13): CApplication->run()
#13 {main}
REQUEST_URI=/drc-etext/index.php/drcUser/SetFileType
HTTP_REFERER=http://localhost/drc-etext/index.php/drcUser/courses/username/calden03e5/term_code/2122
---
2013/05/21 20:13:43 [warning] [application] Failed to set unsafe attribute "count" of "DrcUser".
in C:\Users\jsnook\phpFog\ucsc\drc-etext\protected\modules\base\models\BaseModel.php (84)
in C:\Users\jsnook\phpFog\ucsc\drc-etext\protected\modules\base\models\User.php (215)
in C:\Users\jsnook\phpFog\ucsc\drc-etext\protected\models\DrcUser.php (264)
2013/05/21 20:13:51 [error] [exception.CHttpException.404] exception 'CHttpException' with message 'Data saved: username = calden03e5, term: 2122, class: 62390' in C:\Users\jsnook\phpFog\ucsc\drc-etext\protected\controllers\DrcUserController.php:162
Stack trace:
#0 C:\Users\jsnook\phpFog\ucsc\framework\web\actions\CInlineAction.php(50): DrcUserController->actionSetFileType()
#1 C:\Users\jsnook\phpFog\ucsc\framework\web\CController.php(309): CInlineAction->runWithParams(Array)
#2 C:\Users\jsnook\phpFog\ucsc\framework\web\filters\CFilterChain.php(134): CController->runAction(Object(CInlineAction))
#3 C:\Users\jsnook\phpFog\ucsc\framework\web\filters\CFilter.php(41): CFilterChain->run()
#4 C:\Users\jsnook\phpFog\ucsc\framework\web\CController.php(1146): CFilter->filter(Object(CFilterChain))
#5 C:\Users\jsnook\phpFog\ucsc\framework\web\filters\CInlineFilter.php(59): CController->filterAccessControl(Object(CFilterChain))
#6 C:\Users\jsnook\phpFog\ucsc\framework\web\filters\CFilterChain.php(131): CInlineFilter->filter(Object(CFilterChain))
#7 C:\Users\jsnook\phpFog\ucsc\framework\web\CController.php(292): CFilterChain->run()
#8 C:\Users\jsnook\phpFog\ucsc\framework\web\CController.php(266): CController->runActionWithFilters(Object(CInlineAction), Array)
#9 C:\Users\jsnook\phpFog\ucsc\framework\web\CWebApplication.php(276): CController->run('SetFileType')
#10 C:\Users\jsnook\phpFog\ucsc\framework\web\CWebApplication.php(135): CWebApplication->runController('drcUser/SetFile...')
#11 C:\Users\jsnook\phpFog\ucsc\framework\base\CApplication.php(162): CWebApplication->processRequest()
#12 C:\Users\jsnook\phpFog\ucsc\drc-etext\index.php(13): CApplication->run()
#13 {main}
REQUEST_URI=/drc-etext/index.php/drcUser/SetFileType
HTTP_REFERER=http://localhost/drc-etext/index.php/drcUser/courses/username/calden03e5/term_code/2122
---
2013/05/21 20:13:58 [warning] [application] Failed to set unsafe attribute "count" of "DrcUser".
in C:\Users\jsnook\phpFog\ucsc\drc-etext\protected\modules\base\models\BaseModel.php (84)
in C:\Users\jsnook\phpFog\ucsc\drc-etext\protected\modules\base\models\User.php (215)
in C:\Users\jsnook\phpFog\ucsc\drc-etext\protected\models\DrcUser.php (264)
2013/05/21 20:14:01 [warning] [application] Failed to set unsafe attribute "count" of "DrcUser".
in C:\Users\jsnook\phpFog\ucsc\drc-etext\protected\modules\base\models\BaseModel.php (84)
in C:\Users\jsnook\phpFog\ucsc\drc-etext\protected\modules\base\models\User.php (215)
in C:\Users\jsnook\phpFog\ucsc\drc-etext\protected\models\DrcUser.php (264)
2013/05/21 20:17:09 [error] [exception.CException] exception 'CException' with message 'Property "DrcRequest.file_type" is not defined.' in C:\Users\jsnook\phpFog\ucsc\framework\base\CComponent.php:131
Stack trace:
#0 C:\Users\jsnook\phpFog\ucsc\framework\db\ar\CActiveRecord.php(144): CComponent->__get('file_type')
#1 C:\Users\jsnook\phpFog\ucsc\drc-etext\protected\controllers\DrcUserController.php(163): CActiveRecord->__get('file_type')
#2 C:\Users\jsnook\phpFog\ucsc\framework\web\actions\CInlineAction.php(50): DrcUserController->actionSetFileType()
#3 C:\Users\jsnook\phpFog\ucsc\framework\web\CController.php(309): CInlineAction->runWithParams(Array)
#4 C:\Users\jsnook\phpFog\ucsc\framework\web\filters\CFilterChain.php(134): CController->runAction(Object(CInlineAction))
#5 C:\Users\jsnook\phpFog\ucsc\framework\web\filters\CFilter.php(41): CFilterChain->run()
#6 C:\Users\jsnook\phpFog\ucsc\framework\web\CController.php(1146): CFilter->filter(Object(CFilterChain))
#7 C:\Users\jsnook\phpFog\ucsc\framework\web\filters\CInlineFilter.php(59): CController->filterAccessControl(Object(CFilterChain))
#8 C:\Users\jsnook\phpFog\ucsc\framework\web\filters\CFilterChain.php(131): CInlineFilter->filter(Object(CFilterChain))
#9 C:\Users\jsnook\phpFog\ucsc\framework\web\CController.php(292): CFilterChain->run()
#10 C:\Users\jsnook\phpFog\ucsc\framework\web\CController.php(266): CController->runActionWithFilters(Object(CInlineAction), Array)
#11 C:\Users\jsnook\phpFog\ucsc\framework\web\CWebApplication.php(276): CController->run('SetFileType')
#12 C:\Users\jsnook\phpFog\ucsc\framework\web\CWebApplication.php(135): CWebApplication->runController('drcUser/SetFile...')
#13 C:\Users\jsnook\phpFog\ucsc\framework\base\CApplication.php(162): CWebApplication->processRequest()
#14 C:\Users\jsnook\phpFog\ucsc\drc-etext\index.php(13): CApplication->run()
#15 {main}
REQUEST_URI=/drc-etext/index.php/drcUser/SetFileType
HTTP_REFERER=http://localhost/drc-etext/index.php/drcUser/courses/username/calden03e5/term_code/2122
---
2013/05/21 20:19:41 [warning] [application] Failed to set unsafe attribute "count" of "DrcUser".
in C:\Users\jsnook\phpFog\ucsc\drc-etext\protected\modules\base\models\BaseModel.php (84)
in C:\Users\jsnook\phpFog\ucsc\drc-etext\protected\modules\base\models\User.php (215)
in C:\Users\jsnook\phpFog\ucsc\drc-etext\protected\models\DrcUser.php (264)
2013/05/21 20:19:49 [error] [system.db.CDbCommand] CDbCommand::execute() failed: SQLSTATE[23000]: Integrity constraint violation: 1452 Cannot add or update a child row: a foreign key constraint fails (`etext`.`drc_request`, CONSTRAINT `drc_request_ibfk_1` FOREIGN KEY (`type`) REFERENCES `file_type` (`name`)). The SQL statement executed was: UPDATE `drc_request` SET `term_code`=:yp0, `class_num`=:yp1, `course_id`=:yp2, `emplid`=:yp3, `type`=:yp4, `created`=:yp5, `modified`=:yp6 WHERE `drc_request`.`term_code`=2122 AND `drc_request`.`class_num`=62390 AND `drc_request`.`emplid`='1020358'.
in C:\Users\jsnook\phpFog\ucsc\drc-etext\protected\controllers\DrcUserController.php (159)
in C:\Users\jsnook\phpFog\ucsc\drc-etext\index.php (13)
2013/05/21 20:19:49 [error] [exception.CDbException] exception 'CDbException' with message 'CDbCommand failed to execute the SQL statement: SQLSTATE[23000]: Integrity constraint violation: 1452 Cannot add or update a child row: a foreign key constraint fails (`etext`.`drc_request`, CONSTRAINT `drc_request_ibfk_1` FOREIGN KEY (`type`) REFERENCES `file_type` (`name`)). The SQL statement executed was: UPDATE `drc_request` SET `term_code`=:yp0, `class_num`=:yp1, `course_id`=:yp2, `emplid`=:yp3, `type`=:yp4, `created`=:yp5, `modified`=:yp6 WHERE `drc_request`.`term_code`=2122 AND `drc_request`.`class_num`=62390 AND `drc_request`.`emplid`='1020358'' in C:\Users\jsnook\phpFog\ucsc\framework\db\CDbCommand.php:354
Stack trace:
#0 C:\Users\jsnook\phpFog\ucsc\framework\db\ar\CActiveRecord.php(1681): CDbCommand->execute()
#1 C:\Users\jsnook\phpFog\ucsc\framework\db\ar\CActiveRecord.php(1061): CActiveRecord->updateByPk(Array, Array)
#2 C:\Users\jsnook\phpFog\ucsc\framework\db\ar\CActiveRecord.php(787): CActiveRecord->update(NULL)
#3 C:\Users\jsnook\phpFog\ucsc\drc-etext\protected\controllers\DrcUserController.php(159): CActiveRecord->save()
#4 C:\Users\jsnook\phpFog\ucsc\framework\web\actions\CInlineAction.php(50): DrcUserController->actionSetFileType()
#5 C:\Users\jsnook\phpFog\ucsc\framework\web\CController.php(309): CInlineAction->runWithParams(Array)
#6 C:\Users\jsnook\phpFog\ucsc\framework\web\filters\CFilterChain.php(134): CController->runAction(Object(CInlineAction))
#7 C:\Users\jsnook\phpFog\ucsc\framework\web\filters\CFilter.php(41): CFilterChain->run()
#8 C:\Users\jsnook\phpFog\ucsc\framework\web\CController.php(1146): CFilter->filter(Object(CFilterChain))
#9 C:\Users\jsnook\phpFog\ucsc\framework\web\filters\CInlineFilter.php(59): CController->filterAccessControl(Object(CFilterChain))
#10 C:\Users\jsnook\phpFog\ucsc\framework\web\filters\CFilterChain.php(131): CInlineFilter->filter(Object(CFilterChain))
#11 C:\Users\jsnook\phpFog\ucsc\framework\web\CController.php(292): CFilterChain->run()
#12 C:\Users\jsnook\phpFog\ucsc\framework\web\CController.php(266): CController->runActionWithFilters(Object(CInlineAction), Array)
#13 C:\Users\jsnook\phpFog\ucsc\framework\web\CWebApplication.php(276): CController->run('SetFileType')
#14 C:\Users\jsnook\phpFog\ucsc\framework\web\CWebApplication.php(135): CWebApplication->runController('drcUser/SetFile...')
#15 C:\Users\jsnook\phpFog\ucsc\framework\base\CApplication.php(162): CWebApplication->processRequest()
#16 C:\Users\jsnook\phpFog\ucsc\drc-etext\index.php(13): CApplication->run()
#17 {main}
REQUEST_URI=/drc-etext/index.php/drcUser/SetFileType
HTTP_REFERER=http://localhost/drc-etext/index.php/drcUser/courses/username/calden03e5/term_code/2122
---
2013/05/21 20:35:34 [warning] [application] Failed to set unsafe attribute "count" of "DrcUser".
in C:\Users\jsnook\phpFog\ucsc\drc-etext\protected\modules\base\models\BaseModel.php (84)
in C:\Users\jsnook\phpFog\ucsc\drc-etext\protected\modules\base\models\User.php (215)
in C:\Users\jsnook\phpFog\ucsc\drc-etext\protected\models\DrcUser.php (264)
2013/05/21 20:35:41 [warning] [application] Failed to set unsafe attribute "count" of "DrcUser".
in C:\Users\jsnook\phpFog\ucsc\drc-etext\protected\modules\base\models\BaseModel.php (84)
in C:\Users\jsnook\phpFog\ucsc\drc-etext\protected\modules\base\models\User.php (215)
in C:\Users\jsnook\phpFog\ucsc\drc-etext\protected\models\DrcUser.php (264)
2013/05/21 20:35:51 [error] [exception.CException] exception 'CException' with message 'Property "DrcRequest.file_type" is not defined.' in C:\Users\jsnook\phpFog\ucsc\framework\base\CComponent.php:131
Stack trace:
#0 C:\Users\jsnook\phpFog\ucsc\framework\db\ar\CActiveRecord.php(144): CComponent->__get('file_type')
#1 C:\Users\jsnook\phpFog\ucsc\drc-etext\protected\controllers\DrcUserController.php(163): CActiveRecord->__get('file_type')
#2 C:\Users\jsnook\phpFog\ucsc\framework\web\actions\CInlineAction.php(50): DrcUserController->actionSetFileType()
#3 C:\Users\jsnook\phpFog\ucsc\framework\web\CController.php(309): CInlineAction->runWithParams(Array)
#4 C:\Users\jsnook\phpFog\ucsc\framework\web\filters\CFilterChain.php(134): CController->runAction(Object(CInlineAction))
#5 C:\Users\jsnook\phpFog\ucsc\framework\web\filters\CFilter.php(41): CFilterChain->run()
#6 C:\Users\jsnook\phpFog\ucsc\framework\web\CController.php(1146): CFilter->filter(Object(CFilterChain))
#7 C:\Users\jsnook\phpFog\ucsc\framework\web\filters\CInlineFilter.php(59): CController->filterAccessControl(Object(CFilterChain))
#8 C:\Users\jsnook\phpFog\ucsc\framework\web\filters\CFilterChain.php(131): CInlineFilter->filter(Object(CFilterChain))
#9 C:\Users\jsnook\phpFog\ucsc\framework\web\CController.php(292): CFilterChain->run()
#10 C:\Users\jsnook\phpFog\ucsc\framework\web\CController.php(266): CController->runActionWithFilters(Object(CInlineAction), Array)
#11 C:\Users\jsnook\phpFog\ucsc\framework\web\CWebApplication.php(276): CController->run('SetFileType')
#12 C:\Users\jsnook\phpFog\ucsc\framework\web\CWebApplication.php(135): CWebApplication->runController('drcUser/SetFile...')
#13 C:\Users\jsnook\phpFog\ucsc\framework\base\CApplication.php(162): CWebApplication->processRequest()
#14 C:\Users\jsnook\phpFog\ucsc\drc-etext\index.php(13): CApplication->run()
#15 {main}
REQUEST_URI=/drc-etext/index.php/drcUser/SetFileType
HTTP_REFERER=http://localhost/drc-etext/index.php/drcUser/courses/username/calden03e5/term_code/2122
---
2013/05/21 20:36:33 [error] [exception.CHttpException.404] exception 'CHttpException' with message 'Data saved: username = calden03e5, term: 2122, class: 62390, type: pdf' in C:\Users\jsnook\phpFog\ucsc\drc-etext\protected\controllers\DrcUserController.php:162
Stack trace:
#0 C:\Users\jsnook\phpFog\ucsc\framework\web\actions\CInlineAction.php(50): DrcUserController->actionSetFileType()
#1 C:\Users\jsnook\phpFog\ucsc\framework\web\CController.php(309): CInlineAction->runWithParams(Array)
#2 C:\Users\jsnook\phpFog\ucsc\framework\web\filters\CFilterChain.php(134): CController->runAction(Object(CInlineAction))
#3 C:\Users\jsnook\phpFog\ucsc\framework\web\filters\CFilter.php(41): CFilterChain->run()
#4 C:\Users\jsnook\phpFog\ucsc\framework\web\CController.php(1146): CFilter->filter(Object(CFilterChain))
#5 C:\Users\jsnook\phpFog\ucsc\framework\web\filters\CInlineFilter.php(59): CController->filterAccessControl(Object(CFilterChain))
#6 C:\Users\jsnook\phpFog\ucsc\framework\web\filters\CFilterChain.php(131): CInlineFilter->filter(Object(CFilterChain))
#7 C:\Users\jsnook\phpFog\ucsc\framework\web\CController.php(292): CFilterChain->run()
#8 C:\Users\jsnook\phpFog\ucsc\framework\web\CController.php(266): CController->runActionWithFilters(Object(CInlineAction), Array)
#9 C:\Users\jsnook\phpFog\ucsc\framework\web\CWebApplication.php(276): CController->run('SetFileType')
#10 C:\Users\jsnook\phpFog\ucsc\framework\web\CWebApplication.php(135): CWebApplication->runController('drcUser/SetFile...')
#11 C:\Users\jsnook\phpFog\ucsc\framework\base\CApplication.php(162): CWebApplication->processRequest()
#12 C:\Users\jsnook\phpFog\ucsc\drc-etext\index.php(13): CApplication->run()
#13 {main}
REQUEST_URI=/drc-etext/index.php/drcUser/SetFileType
HTTP_REFERER=http://localhost/drc-etext/index.php/drcUser/courses/username/calden03e5/term_code/2122
---
2013/05/21 20:36:41 [warning] [application] Failed to set unsafe attribute "count" of "DrcUser".
in C:\Users\jsnook\phpFog\ucsc\drc-etext\protected\modules\base\models\BaseModel.php (84)
in C:\Users\jsnook\phpFog\ucsc\drc-etext\protected\modules\base\models\User.php (215)
in C:\Users\jsnook\phpFog\ucsc\drc-etext\protected\models\DrcUser.php (264)
2013/05/21 20:36:46 [warning] [application] Failed to set unsafe attribute "count" of "DrcUser".
in C:\Users\jsnook\phpFog\ucsc\drc-etext\protected\modules\base\models\BaseModel.php (84)
in C:\Users\jsnook\phpFog\ucsc\drc-etext\protected\modules\base\models\User.php (215)
in C:\Users\jsnook\phpFog\ucsc\drc-etext\protected\models\DrcUser.php (264)
2013/05/21 20:51:23 [warning] [application] Failed to set unsafe attribute "count" of "DrcUser".
in C:\Users\jsnook\phpFog\ucsc\drc-etext\protected\modules\base\models\BaseModel.php (84)
in C:\Users\jsnook\phpFog\ucsc\drc-etext\protected\modules\base\models\User.php (215)
in C:\Users\jsnook\phpFog\ucsc\drc-etext\protected\models\DrcUser.php (264)
2013/05/21 20:51:23 [error] [exception.CException] exception 'CException' with message 'Course and its behaviors do not have a method or closure named "fileType".' in C:\Users\jsnook\phpFog\ucsc\framework\base\CComponent.php:266
Stack trace:
#0 C:\Users\jsnook\phpFog\ucsc\framework\db\ar\CActiveRecord.php(226): CComponent->__call('fileType', Array)
#1 C:\Users\jsnook\phpFog\ucsc\framework\base\CComponent.php(607) : eval()'d code(4): CActiveRecord->__call('fileType', Array)
#2 C:\Users\jsnook\phpFog\ucsc\framework\base\CComponent.php(607) : eval()'d code(4): Course->fileType()
#3 C:\Users\jsnook\phpFog\ucsc\framework\base\CComponent.php(607): eval()
#4 C:\Users\jsnook\phpFog\ucsc\framework\zii\widgets\grid\CDataColumn.php(139): CComponent->evaluateExpression('"<form id=\"ftF...', Array)
#5 C:\Users\jsnook\phpFog\ucsc\framework\zii\widgets\grid\CGridColumn.php(138): CDataColumn->renderDataCellContent(0, Object(Course))
#6 C:\Users\jsnook\phpFog\ucsc\framework\zii\widgets\grid\CGridView.php(517): CGridColumn->renderDataCell(0)
#7 C:\Users\jsnook\phpFog\ucsc\framework\zii\widgets\grid\CGridView.php(490): CGridView->renderTableRow(0)
#8 C:\Users\jsnook\phpFog\ucsc\framework\zii\widgets\grid\CGridView.php(400): CGridView->renderTableBody()
#9 C:\Users\jsnook\phpFog\ucsc\framework\zii\widgets\CBaseListView.php(158): CGridView->renderItems()
#10 [internal function]: CBaseListView->renderSection(Array)
#11 C:\Users\jsnook\phpFog\ucsc\framework\zii\widgets\CBaseListView.php(141): preg_replace_callback('/{(\w+)}/', Array, '{summary}?{item...')
#12 C:\Users\jsnook\phpFog\ucsc\framework\zii\widgets\CBaseListView.php(126): CBaseListView->renderContent()
#13 C:\Users\jsnook\phpFog\ucsc\framework\web\CBaseController.php(174): CBaseListView->run()
#14 C:\Users\jsnook\phpFog\ucsc\drc-etext\protected\views\course\_list.php(129): CBaseController->widget('zii.widgets.gri...', Array)
#15 C:\Users\jsnook\phpFog\ucsc\framework\web\CBaseController.php(127): require('C:\Users\jsnook...')
#16 C:\Users\jsnook\phpFog\ucsc\framework\web\CBaseController.php(96): CBaseController->renderInternal('C:\Users\jsnook...', Array, true)
#17 C:\Users\jsnook\phpFog\ucsc\framework\web\CController.php(870): CBaseController->renderFile('C:\Users\jsnook...', Array, true)
#18 C:\Users\jsnook\phpFog\ucsc\drc-etext\protected\modules\base\views\layouts\_main.php(56): CController->renderPartial('../course/_list', Array)
#19 C:\Users\jsnook\phpFog\ucsc\framework\web\CBaseController.php(127): require('C:\Users\jsnook...')
#20 C:\Users\jsnook\phpFog\ucsc\framework\web\CBaseController.php(96): CBaseController->renderInternal('C:\Users\jsnook...', Array, true)
#21 C:\Users\jsnook\phpFog\ucsc\framework\web\CController.php(870): CBaseController->renderFile('C:\Users\jsnook...', Array, true)
#22 C:\Users\jsnook\phpFog\ucsc\framework\web\CController.php(783): CController->renderPartial('base.views.layo...', Array, true)
#23 C:\Users\jsnook\phpFog\ucsc\drc-etext\protected\modules\base\controllers\Controller.php(105): CController->render('base.views.layo...', Array)
#24 C:\Users\jsnook\phpFog\ucsc\drc-etext\protected\controllers\DrcUserController.php(149): Controller->renderView(Array)
#25 C:\Users\jsnook\phpFog\ucsc\framework\web\actions\CInlineAction.php(50): DrcUserController->actionCourses()
#26 C:\Users\jsnook\phpFog\ucsc\framework\web\CController.php(309): CInlineAction->runWithParams(Array)
#27 C:\Users\jsnook\phpFog\ucsc\framework\web\filters\CFilterChain.php(134): CController->runAction(Object(CInlineAction))
#28 C:\Users\jsnook\phpFog\ucsc\framework\web\filters\CFilter.php(41): CFilterChain->run()
#29 C:\Users\jsnook\phpFog\ucsc\framework\web\CController.php(1146): CFilter->filter(Object(CFilterChain))
#30 C:\Users\jsnook\phpFog\ucsc\framework\web\filters\CInlineFilter.php(59): CController->filterAccessControl(Object(CFilterChain))
#31 C:\Users\jsnook\phpFog\ucsc\framework\web\filters\CFilterChain.php(131): CInlineFilter->filter(Object(CFilterChain))
#32 C:\Users\jsnook\phpFog\ucsc\framework\web\CController.php(292): CFilterChain->run()
#33 C:\Users\jsnook\phpFog\ucsc\framework\web\CController.php(266): CController->runActionWithFilters(Object(CInlineAction), Array)
#34 C:\Users\jsnook\phpFog\ucsc\framework\web\CWebApplication.php(276): CController->run('courses')
#35 C:\Users\jsnook\phpFog\ucsc\framework\web\CWebApplication.php(135): CWebApplication->runController('drcUser/courses...')
#36 C:\Users\jsnook\phpFog\ucsc\framework\base\CApplication.php(162): CWebApplication->processRequest()
#37 C:\Users\jsnook\phpFog\ucsc\drc-etext\index.php(13): CApplication->run()
#38 {main}
REQUEST_URI=/drc-etext/index.php/drcUser/courses/username/calden03e5/term_code/2122
HTTP_REFERER=http://localhost/drc-etext/index.php/drcUser/SetFileType
---
2013/05/21 21:05:42 [error] [exception.CHttpException.404] exception 'CHttpException' with message 'Data saved: username = amichael1eac, term: 2122, class: 62044, type: pdf' in C:\Users\jsnook\phpFog\ucsc\drc-etext\protected\controllers\DrcUserController.php:162
Stack trace:
#0 C:\Users\jsnook\phpFog\ucsc\framework\web\actions\CInlineAction.php(50): DrcUserController->actionSetFileType()
#1 C:\Users\jsnook\phpFog\ucsc\framework\web\CController.php(309): CInlineAction->runWithParams(Array)
#2 C:\Users\jsnook\phpFog\ucsc\framework\web\filters\CFilterChain.php(134): CController->runAction(Object(CInlineAction))
#3 C:\Users\jsnook\phpFog\ucsc\framework\web\filters\CFilter.php(41): CFilterChain->run()
#4 C:\Users\jsnook\phpFog\ucsc\framework\web\CController.php(1146): CFilter->filter(Object(CFilterChain))
#5 C:\Users\jsnook\phpFog\ucsc\framework\web\filters\CInlineFilter.php(59): CController->filterAccessControl(Object(CFilterChain))
#6 C:\Users\jsnook\phpFog\ucsc\framework\web\filters\CFilterChain.php(131): CInlineFilter->filter(Object(CFilterChain))
#7 C:\Users\jsnook\phpFog\ucsc\framework\web\CController.php(292): CFilterChain->run()
#8 C:\Users\jsnook\phpFog\ucsc\framework\web\CController.php(266): CController->runActionWithFilters(Object(CInlineAction), Array)
#9 C:\Users\jsnook\phpFog\ucsc\framework\web\CWebApplication.php(276): CController->run('SetFileType')
#10 C:\Users\jsnook\phpFog\ucsc\framework\web\CWebApplication.php(135): CWebApplication->runController('drcUser/SetFile...')
#11 C:\Users\jsnook\phpFog\ucsc\framework\base\CApplication.php(162): CWebApplication->processRequest()
#12 C:\Users\jsnook\phpFog\ucsc\drc-etext\index.php(13): CApplication->run()
#13 {main}
REQUEST_URI=/drc-etext/index.php/drcUser/SetFileType
HTTP_REFERER=http://localhost/drc-etext/index.php/drcUser/courses/username/amichael1eac/term_code/2122
---
2013/05/21 21:05:57 [warning] [application] Failed to set unsafe attribute "count" of "DrcUser".
in C:\Users\jsnook\phpFog\ucsc\drc-etext\protected\modules\base\models\BaseModel.php (84)
in C:\Users\jsnook\phpFog\ucsc\drc-etext\protected\modules\base\models\User.php (215)
in C:\Users\jsnook\phpFog\ucsc\drc-etext\protected\models\DrcUser.php (264)
2013/05/21 21:05:58 [error] [exception.CDbException] exception 'CDbException' with message 'Table "drc_request" does not have a column named "username".' in C:\Users\jsnook\phpFog\ucsc\framework\db\schema\CDbCommandBuilder.php:570
Stack trace:
#0 C:\Users\jsnook\phpFog\ucsc\framework\db\ar\CActiveRecord.php(1454): CDbCommandBuilder->createColumnCriteria(Object(CMysqlTableSchema), Array, '', Array, '`t`.')
#1 C:\Users\jsnook\phpFog\ucsc\drc-etext\protected\models\Course.php(377): CActiveRecord->findByAttributes(Array)
#2 C:\Users\jsnook\phpFog\ucsc\framework\base\CComponent.php(607) : eval()'d code(4): Course->typeForUser()
#3 C:\Users\jsnook\phpFog\ucsc\framework\base\CComponent.php(607): eval()
#4 C:\Users\jsnook\phpFog\ucsc\framework\zii\widgets\grid\CDataColumn.php(139): CComponent->evaluateExpression('"<form id=\"ftF...', Array)
#5 C:\Users\jsnook\phpFog\ucsc\framework\zii\widgets\grid\CGridColumn.php(138): CDataColumn->renderDataCellContent(0, Object(Course))
#6 C:\Users\jsnook\phpFog\ucsc\framework\zii\widgets\grid\CGridView.php(517): CGridColumn->renderDataCell(0)
#7 C:\Users\jsnook\phpFog\ucsc\framework\zii\widgets\grid\CGridView.php(490): CGridView->renderTableRow(0)
#8 C:\Users\jsnook\phpFog\ucsc\framework\zii\widgets\grid\CGridView.php(400): CGridView->renderTableBody()
#9 C:\Users\jsnook\phpFog\ucsc\framework\zii\widgets\CBaseListView.php(158): CGridView->renderItems()
#10 [internal function]: CBaseListView->renderSection(Array)
#11 C:\Users\jsnook\phpFog\ucsc\framework\zii\widgets\CBaseListView.php(141): preg_replace_callback('/{(\w+)}/', Array, '{summary}?{item...')
#12 C:\Users\jsnook\phpFog\ucsc\framework\zii\widgets\CBaseListView.php(126): CBaseListView->renderContent()
#13 C:\Users\jsnook\phpFog\ucsc\framework\web\CBaseController.php(174): CBaseListView->run()
#14 C:\Users\jsnook\phpFog\ucsc\drc-etext\protected\views\course\_list.php(129): CBaseController->widget('zii.widgets.gri...', Array)
#15 C:\Users\jsnook\phpFog\ucsc\framework\web\CBaseController.php(127): require('C:\Users\jsnook...')
#16 C:\Users\jsnook\phpFog\ucsc\framework\web\CBaseController.php(96): CBaseController->renderInternal('C:\Users\jsnook...', Array, true)
#17 C:\Users\jsnook\phpFog\ucsc\framework\web\CController.php(870): CBaseController->renderFile('C:\Users\jsnook...', Array, true)
#18 C:\Users\jsnook\phpFog\ucsc\drc-etext\protected\modules\base\views\layouts\_main.php(56): CController->renderPartial('../course/_list', Array)
#19 C:\Users\jsnook\phpFog\ucsc\framework\web\CBaseController.php(127): require('C:\Users\jsnook...')
#20 C:\Users\jsnook\phpFog\ucsc\framework\web\CBaseController.php(96): CBaseController->renderInternal('C:\Users\jsnook...', Array, true)
#21 C:\Users\jsnook\phpFog\ucsc\framework\web\CController.php(870): CBaseController->renderFile('C:\Users\jsnook...', Array, true)
#22 C:\Users\jsnook\phpFog\ucsc\framework\web\CController.php(783): CController->renderPartial('base.views.layo...', Array, true)
#23 C:\Users\jsnook\phpFog\ucsc\drc-etext\protected\modules\base\controllers\Controller.php(105): CController->render('base.views.layo...', Array)
#24 C:\Users\jsnook\phpFog\ucsc\drc-etext\protected\controllers\DrcUserController.php(149): Controller->renderView(Array)
#25 C:\Users\jsnook\phpFog\ucsc\framework\web\actions\CInlineAction.php(50): DrcUserController->actionCourses()
#26 C:\Users\jsnook\phpFog\ucsc\framework\web\CController.php(309): CInlineAction->runWithParams(Array)
#27 C:\Users\jsnook\phpFog\ucsc\framework\web\filters\CFilterChain.php(134): CController->runAction(Object(CInlineAction))
#28 C:\Users\jsnook\phpFog\ucsc\framework\web\filters\CFilter.php(41): CFilterChain->run()
#29 C:\Users\jsnook\phpFog\ucsc\framework\web\CController.php(1146): CFilter->filter(Object(CFilterChain))
#30 C:\Users\jsnook\phpFog\ucsc\framework\web\filters\CInlineFilter.php(59): CController->filterAccessControl(Object(CFilterChain))
#31 C:\Users\jsnook\phpFog\ucsc\framework\web\filters\CFilterChain.php(131): CInlineFilter->filter(Object(CFilterChain))
#32 C:\Users\jsnook\phpFog\ucsc\framework\web\CController.php(292): CFilterChain->run()
#33 C:\Users\jsnook\phpFog\ucsc\framework\web\CController.php(266): CController->runActionWithFilters(Object(CInlineAction), Array)
#34 C:\Users\jsnook\phpFog\ucsc\framework\web\CWebApplication.php(276): CController->run('courses')
#35 C:\Users\jsnook\phpFog\ucsc\framework\web\CWebApplication.php(135): CWebApplication->runController('drcUser/courses...')
#36 C:\Users\jsnook\phpFog\ucsc\framework\base\CApplication.php(162): CWebApplication->processRequest()
#37 C:\Users\jsnook\phpFog\ucsc\drc-etext\index.php(13): CApplication->run()
#38 {main}
REQUEST_URI=/drc-etext/index.php/drcUser/courses/username/amichael1eac/term_code/2122
HTTP_REFERER=http://localhost/drc-etext/index.php/drcUser/SetFileType
---
2013/05/21 21:06:01 [warning] [application] Failed to set unsafe attribute "count" of "DrcUser".
in C:\Users\jsnook\phpFog\ucsc\drc-etext\protected\modules\base\models\BaseModel.php (84)
in C:\Users\jsnook\phpFog\ucsc\drc-etext\protected\modules\base\models\User.php (215)
in C:\Users\jsnook\phpFog\ucsc\drc-etext\protected\models\DrcUser.php (264)
2013/05/21 21:06:01 [error] [exception.CDbException] exception 'CDbException' with message 'Table "drc_request" does not have a column named "username".' in C:\Users\jsnook\phpFog\ucsc\framework\db\schema\CDbCommandBuilder.php:570
Stack trace:
#0 C:\Users\jsnook\phpFog\ucsc\framework\db\ar\CActiveRecord.php(1454): CDbCommandBuilder->createColumnCriteria(Object(CMysqlTableSchema), Array, '', Array, '`t`.')
#1 C:\Users\jsnook\phpFog\ucsc\drc-etext\protected\models\Course.php(377): CActiveRecord->findByAttributes(Array)
#2 C:\Users\jsnook\phpFog\ucsc\framework\base\CComponent.php(607) : eval()'d code(4): Course->typeForUser()
#3 C:\Users\jsnook\phpFog\ucsc\framework\base\CComponent.php(607): eval()
#4 C:\Users\jsnook\phpFog\ucsc\framework\zii\widgets\grid\CDataColumn.php(139): CComponent->evaluateExpression('"<form id=\"ftF...', Array)
#5 C:\Users\jsnook\phpFog\ucsc\framework\zii\widgets\grid\CGridColumn.php(138): CDataColumn->renderDataCellContent(0, Object(Course))
#6 C:\Users\jsnook\phpFog\ucsc\framework\zii\widgets\grid\CGridView.php(517): CGridColumn->renderDataCell(0)
#7 C:\Users\jsnook\phpFog\ucsc\framework\zii\widgets\grid\CGridView.php(490): CGridView->renderTableRow(0)
#8 C:\Users\jsnook\phpFog\ucsc\framework\zii\widgets\grid\CGridView.php(400): CGridView->renderTableBody()
#9 C:\Users\jsnook\phpFog\ucsc\framework\zii\widgets\CBaseListView.php(158): CGridView->renderItems()
#10 [internal function]: CBaseListView->renderSection(Array)
#11 C:\Users\jsnook\phpFog\ucsc\framework\zii\widgets\CBaseListView.php(141): preg_replace_callback('/{(\w+)}/', Array, '{summary}?{item...')
#12 C:\Users\jsnook\phpFog\ucsc\framework\zii\widgets\CBaseListView.php(126): CBaseListView->renderContent()
#13 C:\Users\jsnook\phpFog\ucsc\framework\web\CBaseController.php(174): CBaseListView->run()
#14 C:\Users\jsnook\phpFog\ucsc\drc-etext\protected\views\course\_list.php(129): CBaseController->widget('zii.widgets.gri...', Array)
#15 C:\Users\jsnook\phpFog\ucsc\framework\web\CBaseController.php(127): require('C:\Users\jsnook...')
#16 C:\Users\jsnook\phpFog\ucsc\framework\web\CBaseController.php(96): CBaseController->renderInternal('C:\Users\jsnook...', Array, true)
#17 C:\Users\jsnook\phpFog\ucsc\framework\web\CController.php(870): CBaseController->renderFile('C:\Users\jsnook...', Array, true)
#18 C:\Users\jsnook\phpFog\ucsc\drc-etext\protected\modules\base\views\layouts\_main.php(56): CController->renderPartial('../course/_list', Array)
#19 C:\Users\jsnook\phpFog\ucsc\framework\web\CBaseController.php(127): require('C:\Users\jsnook...')
#20 C:\Users\jsnook\phpFog\ucsc\framework\web\CBaseController.php(96): CBaseController->renderInternal('C:\Users\jsnook...', Array, true)
#21 C:\Users\jsnook\phpFog\ucsc\framework\web\CController.php(870): CBaseController->renderFile('C:\Users\jsnook...', Array, true)
#22 C:\Users\jsnook\phpFog\ucsc\framework\web\CController.php(783): CController->renderPartial('base.views.layo...', Array, true)
#23 C:\Users\jsnook\phpFog\ucsc\drc-etext\protected\modules\base\controllers\Controller.php(105): CController->render('base.views.layo...', Array)
#24 C:\Users\jsnook\phpFog\ucsc\drc-etext\protected\controllers\DrcUserController.php(149): Controller->renderView(Array)
#25 C:\Users\jsnook\phpFog\ucsc\framework\web\actions\CInlineAction.php(50): DrcUserController->actionCourses()
#26 C:\Users\jsnook\phpFog\ucsc\framework\web\CController.php(309): CInlineAction->runWithParams(Array)
#27 C:\Users\jsnook\phpFog\ucsc\framework\web\filters\CFilterChain.php(134): CController->runAction(Object(CInlineAction))
#28 C:\Users\jsnook\phpFog\ucsc\framework\web\filters\CFilter.php(41): CFilterChain->run()
#29 C:\Users\jsnook\phpFog\ucsc\framework\web\CController.php(1146): CFilter->filter(Object(CFilterChain))
#30 C:\Users\jsnook\phpFog\ucsc\framework\web\filters\CInlineFilter.php(59): CController->filterAccessControl(Object(CFilterChain))
#31 C:\Users\jsnook\phpFog\ucsc\framework\web\filters\CFilterChain.php(131): CInlineFilter->filter(Object(CFilterChain))
#32 C:\Users\jsnook\phpFog\ucsc\framework\web\CController.php(292): CFilterChain->run()
#33 C:\Users\jsnook\phpFog\ucsc\framework\web\CController.php(266): CController->runActionWithFilters(Object(CInlineAction), Array)
#34 C:\Users\jsnook\phpFog\ucsc\framework\web\CWebApplication.php(276): CController->run('courses')
#35 C:\Users\jsnook\phpFog\ucsc\framework\web\CWebApplication.php(135): CWebApplication->runController('drcUser/courses...')
#36 C:\Users\jsnook\phpFog\ucsc\framework\base\CApplication.php(162): CWebApplication->processRequest()
#37 C:\Users\jsnook\phpFog\ucsc\drc-etext\index.php(13): CApplication->run()
#38 {main}
REQUEST_URI=/drc-etext/index.php/drcUser/courses/username/astudent/term_code/2122
HTTP_REFERER=http://localhost/drc-etext/index.php/drcUser/SetFileType
---
2013/05/21 21:06:07 [warning] [application] Failed to set unsafe attribute "count" of "DrcUser".
in C:\Users\jsnook\phpFog\ucsc\drc-etext\protected\modules\base\models\BaseModel.php (84)
in C:\Users\jsnook\phpFog\ucsc\drc-etext\protected\modules\base\models\User.php (215)
in C:\Users\jsnook\phpFog\ucsc\drc-etext\protected\models\DrcUser.php (264)
2013/05/21 21:06:07 [error] [exception.CDbException] exception 'CDbException' with message 'Table "drc_request" does not have a column named "username".' in C:\Users\jsnook\phpFog\ucsc\framework\db\schema\CDbCommandBuilder.php:570
Stack trace:
#0 C:\Users\jsnook\phpFog\ucsc\framework\db\ar\CActiveRecord.php(1454): CDbCommandBuilder->createColumnCriteria(Object(CMysqlTableSchema), Array, '', Array, '`t`.')
#1 C:\Users\jsnook\phpFog\ucsc\drc-etext\protected\models\Course.php(377): CActiveRecord->findByAttributes(Array)
#2 C:\Users\jsnook\phpFog\ucsc\framework\base\CComponent.php(607) : eval()'d code(4): Course->typeForUser()
#3 C:\Users\jsnook\phpFog\ucsc\framework\base\CComponent.php(607): eval()
#4 C:\Users\jsnook\phpFog\ucsc\framework\zii\widgets\grid\CDataColumn.php(139): CComponent->evaluateExpression('"<form id=\"ftF...', Array)
#5 C:\Users\jsnook\phpFog\ucsc\framework\zii\widgets\grid\CGridColumn.php(138): CDataColumn->renderDataCellContent(0, Object(Course))
#6 C:\Users\jsnook\phpFog\ucsc\framework\zii\widgets\grid\CGridView.php(517): CGridColumn->renderDataCell(0)
#7 C:\Users\jsnook\phpFog\ucsc\framework\zii\widgets\grid\CGridView.php(490): CGridView->renderTableRow(0)
#8 C:\Users\jsnook\phpFog\ucsc\framework\zii\widgets\grid\CGridView.php(400): CGridView->renderTableBody()
#9 C:\Users\jsnook\phpFog\ucsc\framework\zii\widgets\CBaseListView.php(158): CGridView->renderItems()
#10 [internal function]: CBaseListView->renderSection(Array)
#11 C:\Users\jsnook\phpFog\ucsc\framework\zii\widgets\CBaseListView.php(141): preg_replace_callback('/{(\w+)}/', Array, '{summary}?{item...')
#12 C:\Users\jsnook\phpFog\ucsc\framework\zii\widgets\CBaseListView.php(126): CBaseListView->renderContent()
#13 C:\Users\jsnook\phpFog\ucsc\framework\web\CBaseController.php(174): CBaseListView->run()
#14 C:\Users\jsnook\phpFog\ucsc\drc-etext\protected\views\course\_list.php(129): CBaseController->widget('zii.widgets.gri...', Array)
#15 C:\Users\jsnook\phpFog\ucsc\framework\web\CBaseController.php(127): require('C:\Users\jsnook...')
#16 C:\Users\jsnook\phpFog\ucsc\framework\web\CBaseController.php(96): CBaseController->renderInternal('C:\Users\jsnook...', Array, true)
#17 C:\Users\jsnook\phpFog\ucsc\framework\web\CController.php(870): CBaseController->renderFile('C:\Users\jsnook...', Array, true)
#18 C:\Users\jsnook\phpFog\ucsc\drc-etext\protected\modules\base\views\layouts\_main.php(56): CController->renderPartial('../course/_list', Array)
#19 C:\Users\jsnook\phpFog\ucsc\framework\web\CBaseController.php(127): require('C:\Users\jsnook...')
#20 C:\Users\jsnook\phpFog\ucsc\framework\web\CBaseController.php(96): CBaseController->renderInternal('C:\Users\jsnook...', Array, true)
#21 C:\Users\jsnook\phpFog\ucsc\framework\web\CController.php(870): CBaseController->renderFile('C:\Users\jsnook...', Array, true)
#22 C:\Users\jsnook\phpFog\ucsc\framework\web\CController.php(783): CController->renderPartial('base.views.layo...', Array, true)
#23 C:\Users\jsnook\phpFog\ucsc\drc-etext\protected\modules\base\controllers\Controller.php(105): CController->render('base.views.layo...', Array)
#24 C:\Users\jsnook\phpFog\ucsc\drc-etext\protected\controllers\DrcUserController.php(149): Controller->renderView(Array)
#25 C:\Users\jsnook\phpFog\ucsc\framework\web\actions\CInlineAction.php(50): DrcUserController->actionCourses()
#26 C:\Users\jsnook\phpFog\ucsc\framework\web\CController.php(309): CInlineAction->runWithParams(Array)
#27 C:\Users\jsnook\phpFog\ucsc\framework\web\filters\CFilterChain.php(134): CController->runAction(Object(CInlineAction))
#28 C:\Users\jsnook\phpFog\ucsc\framework\web\filters\CFilter.php(41): CFilterChain->run()
#29 C:\Users\jsnook\phpFog\ucsc\framework\web\CController.php(1146): CFilter->filter(Object(CFilterChain))
#30 C:\Users\jsnook\phpFog\ucsc\framework\web\filters\CInlineFilter.php(59): CController->filterAccessControl(Object(CFilterChain))
#31 C:\Users\jsnook\phpFog\ucsc\framework\web\filters\CFilterChain.php(131): CInlineFilter->filter(Object(CFilterChain))
#32 C:\Users\jsnook\phpFog\ucsc\framework\web\CController.php(292): CFilterChain->run()
#33 C:\Users\jsnook\phpFog\ucsc\framework\web\CController.php(266): CController->runActionWithFilters(Object(CInlineAction), Array)
#34 C:\Users\jsnook\phpFog\ucsc\framework\web\CWebApplication.php(276): CController->run('courses')
#35 C:\Users\jsnook\phpFog\ucsc\framework\web\CWebApplication.php(135): CWebApplication->runController('drcUser/courses...')
#36 C:\Users\jsnook\phpFog\ucsc\framework\base\CApplication.php(162): CWebApplication->processRequest()
#37 C:\Users\jsnook\phpFog\ucsc\drc-etext\index.php(13): CApplication->run()
#38 {main}
REQUEST_URI=/drc-etext/index.php/drcUser/courses/username/astudent/term_code/2122
HTTP_REFERER=http://localhost/drc-etext/index.php/drcUser/SetFileType
---
2013/05/21 22:18:45 [warning] [application] Failed to set unsafe attribute "count" of "DrcUser".
in C:\Users\jsnook\phpFog\ucsc\drc-etext\protected\modules\base\models\BaseModel.php (84)
in C:\Users\jsnook\phpFog\ucsc\drc-etext\protected\modules\base\models\User.php (215)
in C:\Users\jsnook\phpFog\ucsc\drc-etext\protected\models\DrcUser.php (264)
2013/05/21 22:19:26 [warning] [application] Failed to set unsafe attribute "count" of "DrcUser".
in C:\Users\jsnook\phpFog\ucsc\drc-etext\protected\modules\base\models\BaseModel.php (84)
in C:\Users\jsnook\phpFog\ucsc\drc-etext\protected\modules\base\models\User.php (215)
in C:\Users\jsnook\phpFog\ucsc\drc-etext\protected\models\DrcUser.php (264)
2013/05/21 22:19:34 [warning] [application] Failed to set unsafe attribute "count" of "DrcUser".
in C:\Users\jsnook\phpFog\ucsc\drc-etext\protected\modules\base\models\BaseModel.php (84)
in C:\Users\jsnook\phpFog\ucsc\drc-etext\protected\modules\base\models\User.php (215)
in C:\Users\jsnook\phpFog\ucsc\drc-etext\protected\models\DrcUser.php (264)
2013/05/21 22:20:58 [error] [exception.CHttpException.404] exception 'CHttpException' with message 'Data saved: username = calden03e5, term: 2122, class: 61989, type: kes' in C:\Users\jsnook\phpFog\ucsc\drc-etext\protected\controllers\DrcUserController.php:162
Stack trace:
#0 C:\Users\jsnook\phpFog\ucsc\framework\web\actions\CInlineAction.php(50): DrcUserController->actionSetFileType()
#1 C:\Users\jsnook\phpFog\ucsc\framework\web\CController.php(309): CInlineAction->runWithParams(Array)
#2 C:\Users\jsnook\phpFog\ucsc\framework\web\filters\CFilterChain.php(134): CController->runAction(Object(CInlineAction))
#3 C:\Users\jsnook\phpFog\ucsc\framework\web\filters\CFilter.php(41): CFilterChain->run()
#4 C:\Users\jsnook\phpFog\ucsc\framework\web\CController.php(1146): CFilter->filter(Object(CFilterChain))
#5 C:\Users\jsnook\phpFog\ucsc\framework\web\filters\CInlineFilter.php(59): CController->filterAccessControl(Object(CFilterChain))
#6 C:\Users\jsnook\phpFog\ucsc\framework\web\filters\CFilterChain.php(131): CInlineFilter->filter(Object(CFilterChain))
#7 C:\Users\jsnook\phpFog\ucsc\framework\web\CController.php(292): CFilterChain->run()
#8 C:\Users\jsnook\phpFog\ucsc\framework\web\CController.php(266): CController->runActionWithFilters(Object(CInlineAction), Array)
#9 C:\Users\jsnook\phpFog\ucsc\framework\web\CWebApplication.php(276): CController->run('SetFileType')
#10 C:\Users\jsnook\phpFog\ucsc\framework\web\CWebApplication.php(135): CWebApplication->runController('drcUser/SetFile...')
#11 C:\Users\jsnook\phpFog\ucsc\framework\base\CApplication.php(162): CWebApplication->processRequest()
#12 C:\Users\jsnook\phpFog\ucsc\drc-etext\index.php(13): CApplication->run()
#13 {main}
REQUEST_URI=/drc-etext/index.php/drcUser/SetFileType
HTTP_REFERER=http://localhost/drc-etext/index.php/drcUser/courses/username/calden03e5/term_code/2122
---
2013/05/21 22:21:02 [warning] [application] Failed to set unsafe attribute "count" of "DrcUser".
in C:\Users\jsnook\phpFog\ucsc\drc-etext\protected\modules\base\models\BaseModel.php (84)
in C:\Users\jsnook\phpFog\ucsc\drc-etext\protected\modules\base\models\User.php (215)
in C:\Users\jsnook\phpFog\ucsc\drc-etext\protected\models\DrcUser.php (264)
2013/05/21 22:21:06 [warning] [application] Failed to set unsafe attribute "count" of "DrcUser".
in C:\Users\jsnook\phpFog\ucsc\drc-etext\protected\modules\base\models\BaseModel.php (84)
in C:\Users\jsnook\phpFog\ucsc\drc-etext\protected\modules\base\models\User.php (215)
in C:\Users\jsnook\phpFog\ucsc\drc-etext\protected\models\DrcUser.php (264)
2013/05/21 22:22:42 [warning] [application] Failed to set unsafe attribute "count" of "DrcUser".
in C:\Users\jsnook\phpFog\ucsc\drc-etext\protected\modules\base\models\BaseModel.php (84)
in C:\Users\jsnook\phpFog\ucsc\drc-etext\protected\modules\base\models\User.php (215)
in C:\Users\jsnook\phpFog\ucsc\drc-etext\protected\models\DrcUser.php (264)
2013/05/21 22:23:33 [warning] [application] Failed to set unsafe attribute "count" of "DrcUser".
in C:\Users\jsnook\phpFog\ucsc\drc-etext\protected\modules\base\models\BaseModel.php (84)
in C:\Users\jsnook\phpFog\ucsc\drc-etext\protected\modules\base\models\User.php (215)
in C:\Users\jsnook\phpFog\ucsc\drc-etext\protected\models\DrcUser.php (264)
2013/05/21 22:25:27 [warning] [application] Failed to set unsafe attribute "count" of "DrcUser".
in C:\Users\jsnook\phpFog\ucsc\drc-etext\protected\modules\base\models\BaseModel.php (84)
in C:\Users\jsnook\phpFog\ucsc\drc-etext\protected\modules\base\models\User.php (215)
in C:\Users\jsnook\phpFog\ucsc\drc-etext\protected\models\DrcUser.php (264)
2013/05/21 22:25:39 [warning] [application] Failed to set unsafe attribute "count" of "DrcUser".
in C:\Users\jsnook\phpFog\ucsc\drc-etext\protected\modules\base\models\BaseModel.php (84)
in C:\Users\jsnook\phpFog\ucsc\drc-etext\protected\modules\base\models\User.php (215)
in C:\Users\jsnook\phpFog\ucsc\drc-etext\protected\models\DrcUser.php (264)
2013/05/21 22:25:49 [warning] [application] Failed to set unsafe attribute "count" of "DrcUser".
in C:\Users\jsnook\phpFog\ucsc\drc-etext\protected\modules\base\models\BaseModel.php (84)
in C:\Users\jsnook\phpFog\ucsc\drc-etext\protected\modules\base\models\User.php (215)
in C:\Users\jsnook\phpFog\ucsc\drc-etext\protected\models\DrcUser.php (264)
2013/05/21 22:26:06 [warning] [application] Failed to set unsafe attribute "count" of "DrcUser".
in C:\Users\jsnook\phpFog\ucsc\drc-etext\protected\modules\base\models\BaseModel.php (84)
in C:\Users\jsnook\phpFog\ucsc\drc-etext\protected\modules\base\models\User.php (215)
in C:\Users\jsnook\phpFog\ucsc\drc-etext\protected\models\DrcUser.php (264)
2013/05/21 22:26:23 [error] [exception.CHttpException.404] exception 'CHttpException' with message 'Data saved: username = astudent, term: 2122, class: 60423, type: docx' in C:\Users\jsnook\phpFog\ucsc\drc-etext\protected\controllers\DrcUserController.php:162
Stack trace:
#0 C:\Users\jsnook\phpFog\ucsc\framework\web\actions\CInlineAction.php(50): DrcUserController->actionSetFileType()
#1 C:\Users\jsnook\phpFog\ucsc\framework\web\CController.php(309): CInlineAction->runWithParams(Array)
#2 C:\Users\jsnook\phpFog\ucsc\framework\web\filters\CFilterChain.php(134): CController->runAction(Object(CInlineAction))
#3 C:\Users\jsnook\phpFog\ucsc\framework\web\filters\CFilter.php(41): CFilterChain->run()
#4 C:\Users\jsnook\phpFog\ucsc\framework\web\CController.php(1146): CFilter->filter(Object(CFilterChain))
#5 C:\Users\jsnook\phpFog\ucsc\framework\web\filters\CInlineFilter.php(59): CController->filterAccessControl(Object(CFilterChain))
#6 C:\Users\jsnook\phpFog\ucsc\framework\web\filters\CFilterChain.php(131): CInlineFilter->filter(Object(CFilterChain))
#7 C:\Users\jsnook\phpFog\ucsc\framework\web\CController.php(292): CFilterChain->run()
#8 C:\Users\jsnook\phpFog\ucsc\framework\web\CController.php(266): CController->runActionWithFilters(Object(CInlineAction), Array)
#9 C:\Users\jsnook\phpFog\ucsc\framework\web\CWebApplication.php(276): CController->run('SetFileType')
#10 C:\Users\jsnook\phpFog\ucsc\framework\web\CWebApplication.php(135): CWebApplication->runController('drcUser/SetFile...')
#11 C:\Users\jsnook\phpFog\ucsc\framework\base\CApplication.php(162): CWebApplication->processRequest()
#12 C:\Users\jsnook\phpFog\ucsc\drc-etext\index.php(13): CApplication->run()
#13 {main}
REQUEST_URI=/drc-etext/index.php/drcUser/SetFileType
HTTP_REFERER=http://localhost/drc-etext/index.php/drcUser/courses/username/astudent/term_code/2122
---
2013/05/21 22:26:27 [warning] [application] Failed to set unsafe attribute "count" of "DrcUser".
in C:\Users\jsnook\phpFog\ucsc\drc-etext\protected\modules\base\models\BaseModel.php (84)
in C:\Users\jsnook\phpFog\ucsc\drc-etext\protected\modules\base\models\User.php (215)
in C:\Users\jsnook\phpFog\ucsc\drc-etext\protected\models\DrcUser.php (264)
2013/05/21 22:26:31 [warning] [application] Failed to set unsafe attribute "count" of "DrcUser".
in C:\Users\jsnook\phpFog\ucsc\drc-etext\protected\modules\base\models\BaseModel.php (84)
in C:\Users\jsnook\phpFog\ucsc\drc-etext\protected\modules\base\models\User.php (215)
in C:\Users\jsnook\phpFog\ucsc\drc-etext\protected\models\DrcUser.php (264)
2013/05/21 22:27:54 [warning] [application] Failed to set unsafe attribute "count" of "DrcUser".
in C:\Users\jsnook\phpFog\ucsc\drc-etext\protected\modules\base\models\BaseModel.php (84)
in C:\Users\jsnook\phpFog\ucsc\drc-etext\protected\modules\base\models\User.php (215)
in C:\Users\jsnook\phpFog\ucsc\drc-etext\protected\models\DrcUser.php (264)
2013/05/21 22:28:01 [warning] [application] Failed to set unsafe attribute "count" of "DrcUser".
in C:\Users\jsnook\phpFog\ucsc\drc-etext\protected\modules\base\models\BaseModel.php (84)
in C:\Users\jsnook\phpFog\ucsc\drc-etext\protected\modules\base\models\User.php (215)
in C:\Users\jsnook\phpFog\ucsc\drc-etext\protected\models\DrcUser.php (264)
2013/05/21 22:31:03 [warning] [application] Failed to set unsafe attribute "count" of "DrcUser".
in C:\Users\jsnook\phpFog\ucsc\drc-etext\protected\modules\base\models\BaseModel.php (84)
in C:\Users\jsnook\phpFog\ucsc\drc-etext\protected\modules\base\models\User.php (215)
in C:\Users\jsnook\phpFog\ucsc\drc-etext\protected\models\DrcUser.php (264)
2013/05/21 22:31:03 [error] [exception.CException] exception 'CException' with message 'Property "DrcUser.class_num" is not defined.' in C:\Users\jsnook\phpFog\ucsc\framework\base\CComponent.php:131
Stack trace:
#0 C:\Users\jsnook\phpFog\ucsc\framework\db\ar\CActiveRecord.php(144): CComponent->__get('class_num')
#1 C:\Users\jsnook\phpFog\ucsc\drc-etext\protected\controllers\DrcUserController.php(164): CActiveRecord->__get('class_num')
#2 C:\Users\jsnook\phpFog\ucsc\framework\web\actions\CInlineAction.php(50): DrcUserController->actionSetFileType()
#3 C:\Users\jsnook\phpFog\ucsc\framework\web\CController.php(309): CInlineAction->runWithParams(Array)
#4 C:\Users\jsnook\phpFog\ucsc\framework\web\filters\CFilterChain.php(134): CController->runAction(Object(CInlineAction))
#5 C:\Users\jsnook\phpFog\ucsc\framework\web\filters\CFilter.php(41): CFilterChain->run()
#6 C:\Users\jsnook\phpFog\ucsc\framework\web\CController.php(1146): CFilter->filter(Object(CFilterChain))
#7 C:\Users\jsnook\phpFog\ucsc\framework\web\filters\CInlineFilter.php(59): CController->filterAccessControl(Object(CFilterChain))
#8 C:\Users\jsnook\phpFog\ucsc\framework\web\filters\CFilterChain.php(131): CInlineFilter->filter(Object(CFilterChain))
#9 C:\Users\jsnook\phpFog\ucsc\framework\web\CController.php(292): CFilterChain->run()
#10 C:\Users\jsnook\phpFog\ucsc\framework\web\CController.php(266): CController->runActionWithFilters(Object(CInlineAction), Array)
#11 C:\Users\jsnook\phpFog\ucsc\framework\web\CWebApplication.php(276): CController->run('SetFileType')
#12 C:\Users\jsnook\phpFog\ucsc\framework\web\CWebApplication.php(135): CWebApplication->runController('drcUser/SetFile...')
#13 C:\Users\jsnook\phpFog\ucsc\framework\base\CApplication.php(162): CWebApplication->processRequest()
#14 C:\Users\jsnook\phpFog\ucsc\drc-etext\index.php(13): CApplication->run()
#15 {main}
REQUEST_URI=/drc-etext/index.php/drcUser/SetFileType
HTTP_REFERER=http://localhost/drc-etext/index.php/drcUser/courses/username/astudent/term_code/2122
---
2013/05/21 22:31:34 [warning] [application] Failed to set unsafe attribute "count" of "DrcUser".
in C:\Users\jsnook\phpFog\ucsc\drc-etext\protected\modules\base\models\BaseModel.php (84)
in C:\Users\jsnook\phpFog\ucsc\drc-etext\protected\modules\base\models\User.php (215)
in C:\Users\jsnook\phpFog\ucsc\drc-etext\protected\models\DrcUser.php (264)
2013/05/21 22:31:34 [warning] [application] Failed to set unsafe attribute "count" of "DrcUser".
in C:\Users\jsnook\phpFog\ucsc\drc-etext\protected\modules\base\models\BaseModel.php (84)
in C:\Users\jsnook\phpFog\ucsc\drc-etext\protected\modules\base\models\User.php (215)
in C:\Users\jsnook\phpFog\ucsc\drc-etext\protected\models\DrcUser.php (264)
2013/05/21 22:31:41 [warning] [application] Failed to set unsafe attribute "count" of "DrcUser".
in C:\Users\jsnook\phpFog\ucsc\drc-etext\protected\modules\base\models\BaseModel.php (84)
in C:\Users\jsnook\phpFog\ucsc\drc-etext\protected\modules\base\models\User.php (215)
in C:\Users\jsnook\phpFog\ucsc\drc-etext\protected\models\DrcUser.php (264)
2013/05/21 22:31:54 [warning] [application] Failed to set unsafe attribute "count" of "DrcUser".
in C:\Users\jsnook\phpFog\ucsc\drc-etext\protected\modules\base\models\BaseModel.php (84)
in C:\Users\jsnook\phpFog\ucsc\drc-etext\protected\modules\base\models\User.php (215)
in C:\Users\jsnook\phpFog\ucsc\drc-etext\protected\models\DrcUser.php (264)
2013/05/21 22:31:54 [warning] [application] Failed to set unsafe attribute "count" of "DrcUser".
in C:\Users\jsnook\phpFog\ucsc\drc-etext\protected\modules\base\models\BaseModel.php (84)
in C:\Users\jsnook\phpFog\ucsc\drc-etext\protected\modules\base\models\User.php (215)
in C:\Users\jsnook\phpFog\ucsc\drc-etext\protected\models\DrcUser.php (264)
2013/05/21 22:33:50 [warning] [application] Failed to set unsafe attribute "count" of "DrcUser".
in C:\Users\jsnook\phpFog\ucsc\drc-etext\protected\modules\base\models\BaseModel.php (84)
in C:\Users\jsnook\phpFog\ucsc\drc-etext\protected\modules\base\models\User.php (215)
in C:\Users\jsnook\phpFog\ucsc\drc-etext\protected\models\DrcUser.php (264)
2013/05/21 22:33:56 [warning] [application] Failed to set unsafe attribute "count" of "DrcUser".
in C:\Users\jsnook\phpFog\ucsc\drc-etext\protected\modules\base\models\BaseModel.php (84)
in C:\Users\jsnook\phpFog\ucsc\drc-etext\protected\modules\base\models\User.php (215)
in C:\Users\jsnook\phpFog\ucsc\drc-etext\protected\models\DrcUser.php (264)
2013/05/21 22:33:56 [warning] [application] Failed to set unsafe attribute "count" of "DrcUser".
in C:\Users\jsnook\phpFog\ucsc\drc-etext\protected\modules\base\models\BaseModel.php (84)
in C:\Users\jsnook\phpFog\ucsc\drc-etext\protected\modules\base\models\User.php (215)
in C:\Users\jsnook\phpFog\ucsc\drc-etext\protected\models\DrcUser.php (264)
2013/05/21 23:08:01 [warning] [application] Failed to set unsafe attribute "count" of "DrcUser".
in C:\Users\jsnook\phpFog\ucsc\drc-etext\protected\modules\base\models\BaseModel.php (84)
in C:\Users\jsnook\phpFog\ucsc\drc-etext\protected\modules\base\models\User.php (215)
in C:\Users\jsnook\phpFog\ucsc\drc-etext\protected\models\DrcUser.php (264)
2013/05/21 23:12:59 [warning] [application] Failed to set unsafe attribute "count" of "DrcUser".
in C:\Users\jsnook\phpFog\ucsc\drc-etext\protected\modules\base\models\BaseModel.php (84)
in C:\Users\jsnook\phpFog\ucsc\drc-etext\protected\modules\base\models\User.php (215)
in C:\Users\jsnook\phpFog\ucsc\drc-etext\protected\models\DrcUser.php (264)
2013/05/21 23:16:04 [warning] [application] Failed to set unsafe attribute "count" of "DrcUser".
in C:\Users\jsnook\phpFog\ucsc\drc-etext\protected\modules\base\models\BaseModel.php (84)
in C:\Users\jsnook\phpFog\ucsc\drc-etext\protected\modules\base\models\User.php (215)
in C:\Users\jsnook\phpFog\ucsc\drc-etext\protected\models\DrcUser.php (264)
2013/05/21 23:16:34 [warning] [application] Failed to set unsafe attribute "count" of "DrcUser".
in C:\Users\jsnook\phpFog\ucsc\drc-etext\protected\modules\base\models\BaseModel.php (84)
in C:\Users\jsnook\phpFog\ucsc\drc-etext\protected\modules\base\models\User.php (215)
in C:\Users\jsnook\phpFog\ucsc\drc-etext\protected\models\DrcUser.php (264)
2013/05/21 23:20:30 [warning] [application] Failed to set unsafe attribute "count" of "DrcUser".
in C:\Users\jsnook\phpFog\ucsc\drc-etext\protected\modules\base\models\BaseModel.php (84)
in C:\Users\jsnook\phpFog\ucsc\drc-etext\protected\modules\base\models\User.php (215)
in C:\Users\jsnook\phpFog\ucsc\drc-etext\protected\models\DrcUser.php (264)
2013/05/22 02:49:43 [warning] [application] Failed to set unsafe attribute "count" of "DrcUser".
in C:\Users\jsnook\phpFog\ucsc\drc-etext\protected\modules\base\models\BaseModel.php (84)
in C:\Users\jsnook\phpFog\ucsc\drc-etext\protected\modules\base\models\User.php (215)
in C:\Users\jsnook\phpFog\ucsc\drc-etext\protected\models\DrcUser.php (264)
2013/05/22 02:50:05 [warning] [application] Failed to set unsafe attribute "count" of "DrcUser".
in C:\Users\jsnook\phpFog\ucsc\drc-etext\protected\modules\base\models\BaseModel.php (84)
in C:\Users\jsnook\phpFog\ucsc\drc-etext\protected\modules\base\models\User.php (215)
in C:\Users\jsnook\phpFog\ucsc\drc-etext\protected\models\DrcUser.php (264)
2013/05/22 02:50:16 [warning] [application] Failed to set unsafe attribute "count" of "DrcUser".
in C:\Users\jsnook\phpFog\ucsc\drc-etext\protected\modules\base\models\BaseModel.php (84)
in C:\Users\jsnook\phpFog\ucsc\drc-etext\protected\modules\base\models\User.php (215)
in C:\Users\jsnook\phpFog\ucsc\drc-etext\protected\models\DrcUser.php (264)
2013/05/22 02:51:51 [error] [exception.CHttpException.403] exception 'CHttpException' with message 'You are not authorized to perform this action.' in C:\Users\jsnook\phpFog\ucsc\framework\web\auth\CAccessControlFilter.php:157
Stack trace:
#0 C:\Users\jsnook\phpFog\ucsc\framework\web\auth\CAccessControlFilter.php(120): CAccessControlFilter->accessDenied(Object(CWebUser), 'You are not aut...')
#1 C:\Users\jsnook\phpFog\ucsc\framework\web\filters\CFilter.php(39): CAccessControlFilter->preFilter(Object(CFilterChain))
#2 C:\Users\jsnook\phpFog\ucsc\framework\web\CController.php(1146): CFilter->filter(Object(CFilterChain))
#3 C:\Users\jsnook\phpFog\ucsc\framework\web\filters\CInlineFilter.php(59): CController->filterAccessControl(Object(CFilterChain))
#4 C:\Users\jsnook\phpFog\ucsc\framework\web\filters\CFilterChain.php(131): CInlineFilter->filter(Object(CFilterChain))
#5 C:\Users\jsnook\phpFog\ucsc\framework\web\CController.php(292): CFilterChain->run()
#6 C:\Users\jsnook\phpFog\ucsc\framework\web\CController.php(266): CController->runActionWithFilters(Object(CInlineAction), Array)
#7 C:\Users\jsnook\phpFog\ucsc\framework\web\CWebApplication.php(276): CController->run('courses')
#8 C:\Users\jsnook\phpFog\ucsc\framework\web\CWebApplication.php(135): CWebApplication->runController('drcUser/courses...')
#9 C:\Users\jsnook\phpFog\ucsc\framework\base\CApplication.php(162): CWebApplication->processRequest()
#10 C:\Users\jsnook\phpFog\ucsc\drc-etext\index.php(13): CApplication->run()
#11 {main}
REQUEST_URI=/drc-etext/index.php/drcUser/courses/username/astudent
---
2013/05/22 02:52:14 [error] [exception.CHttpException.403] exception 'CHttpException' with message 'You are not authorized to perform this action.' in C:\Users\jsnook\phpFog\ucsc\framework\web\auth\CAccessControlFilter.php:157
Stack trace:
#0 C:\Users\jsnook\phpFog\ucsc\framework\web\auth\CAccessControlFilter.php(120): CAccessControlFilter->accessDenied(Object(CWebUser), 'You are not aut...')
#1 C:\Users\jsnook\phpFog\ucsc\framework\web\filters\CFilter.php(39): CAccessControlFilter->preFilter(Object(CFilterChain))
#2 C:\Users\jsnook\phpFog\ucsc\framework\web\CController.php(1146): CFilter->filter(Object(CFilterChain))
#3 C:\Users\jsnook\phpFog\ucsc\framework\web\filters\CInlineFilter.php(59): CController->filterAccessControl(Object(CFilterChain))
#4 C:\Users\jsnook\phpFog\ucsc\framework\web\filters\CFilterChain.php(131): CInlineFilter->filter(Object(CFilterChain))
#5 C:\Users\jsnook\phpFog\ucsc\framework\web\CController.php(292): CFilterChain->run()
#6 C:\Users\jsnook\phpFog\ucsc\framework\web\CController.php(266): CController->runActionWithFilters(Object(CInlineAction), Array)
#7 C:\Users\jsnook\phpFog\ucsc\framework\web\CWebApplication.php(276): CController->run('courses')
#8 C:\Users\jsnook\phpFog\ucsc\framework\web\CWebApplication.php(135): CWebApplication->runController('drcUser/courses...')
#9 C:\Users\jsnook\phpFog\ucsc\framework\base\CApplication.php(162): CWebApplication->processRequest()
#10 C:\Users\jsnook\phpFog\ucsc\drc-etext\index.php(13): CApplication->run()
#11 {main}
REQUEST_URI=/drc-etext/index.php/drcUser/courses/username/calden03e5
---
2013/05/22 02:52:29 [error] [exception.CHttpException.403] exception 'CHttpException' with message 'You are not authorized to perform this action.' in C:\Users\jsnook\phpFog\ucsc\framework\web\auth\CAccessControlFilter.php:157
Stack trace:
#0 C:\Users\jsnook\phpFog\ucsc\framework\web\auth\CAccessControlFilter.php(120): CAccessControlFilter->accessDenied(Object(CWebUser), 'You are not aut...')
#1 C:\Users\jsnook\phpFog\ucsc\framework\web\filters\CFilter.php(39): CAccessControlFilter->preFilter(Object(CFilterChain))
#2 C:\Users\jsnook\phpFog\ucsc\framework\web\CController.php(1146): CFilter->filter(Object(CFilterChain))
#3 C:\Users\jsnook\phpFog\ucsc\framework\web\filters\CInlineFilter.php(59): CController->filterAccessControl(Object(CFilterChain))
#4 C:\Users\jsnook\phpFog\ucsc\framework\web\filters\CFilterChain.php(131): CInlineFilter->filter(Object(CFilterChain))
#5 C:\Users\jsnook\phpFog\ucsc\framework\web\CController.php(292): CFilterChain->run()
#6 C:\Users\jsnook\phpFog\ucsc\framework\web\CController.php(266): CController->runActionWithFilters(Object(CInlineAction), Array)
#7 C:\Users\jsnook\phpFog\ucsc\framework\web\CWebApplication.php(276): CController->run('courses')
#8 C:\Users\jsnook\phpFog\ucsc\framework\web\CWebApplication.php(135): CWebApplication->runController('drcUser/courses...')
#9 C:\Users\jsnook\phpFog\ucsc\framework\base\CApplication.php(162): CWebApplication->processRequest()
#10 C:\Users\jsnook\phpFog\ucsc\drc-etext\index.php(13): CApplication->run()
#11 {main}
REQUEST_URI=/drc-etext/index.php/drcUser/courses/username/calden03e5
---
2013/05/22 02:52:48 [error] [exception.CHttpException.403] exception 'CHttpException' with message 'You are not authorized to perform this action.' in C:\Users\jsnook\phpFog\ucsc\framework\web\auth\CAccessControlFilter.php:157
Stack trace:
#0 C:\Users\jsnook\phpFog\ucsc\framework\web\auth\CAccessControlFilter.php(120): CAccessControlFilter->accessDenied(Object(CWebUser), 'You are not aut...')
#1 C:\Users\jsnook\phpFog\ucsc\framework\web\filters\CFilter.php(39): CAccessControlFilter->preFilter(Object(CFilterChain))
#2 C:\Users\jsnook\phpFog\ucsc\framework\web\CController.php(1146): CFilter->filter(Object(CFilterChain))
#3 C:\Users\jsnook\phpFog\ucsc\framework\web\filters\CInlineFilter.php(59): CController->filterAccessControl(Object(CFilterChain))
#4 C:\Users\jsnook\phpFog\ucsc\framework\web\filters\CFilterChain.php(131): CInlineFilter->filter(Object(CFilterChain))
#5 C:\Users\jsnook\phpFog\ucsc\framework\web\CController.php(292): CFilterChain->run()
#6 C:\Users\jsnook\phpFog\ucsc\framework\web\CController.php(266): CController->runActionWithFilters(Object(CInlineAction), Array)
#7 C:\Users\jsnook\phpFog\ucsc\framework\web\CWebApplication.php(276): CController->run('courses')
#8 C:\Users\jsnook\phpFog\ucsc\framework\web\CWebApplication.php(135): CWebApplication->runController('drcUser/courses...')
#9 C:\Users\jsnook\phpFog\ucsc\framework\base\CApplication.php(162): CWebApplication->processRequest()
#10 C:\Users\jsnook\phpFog\ucsc\drc-etext\index.php(13): CApplication->run()
#11 {main}
REQUEST_URI=/drc-etext/index.php/drcUser/courses/username/astudent
HTTP_REFERER=http://localhost/drc-etext/index.php/drcUser/courses/username/calden03e5
---
2013/05/22 02:55:06 [warning] [application] Failed to set unsafe attribute "count" of "DrcUser".
in C:\Users\jsnook\phpFog\ucsc\drc-etext\protected\modules\base\models\BaseModel.php (84)
in C:\Users\jsnook\phpFog\ucsc\drc-etext\protected\modules\base\models\User.php (215)
in C:\Users\jsnook\phpFog\ucsc\drc-etext\protected\models\DrcUser.php (264)
2013/05/22 02:55:26 [warning] [application] Failed to set unsafe attribute "count" of "DrcUser".
in C:\Users\jsnook\phpFog\ucsc\drc-etext\protected\modules\base\models\BaseModel.php (84)
in C:\Users\jsnook\phpFog\ucsc\drc-etext\protected\modules\base\models\User.php (215)
in C:\Users\jsnook\phpFog\ucsc\drc-etext\protected\models\DrcUser.php (264)
2013/05/22 02:55:39 [error] [exception.CHttpException.403] exception 'CHttpException' with message 'You are not authorized to perform this action.' in C:\Users\jsnook\phpFog\ucsc\framework\web\auth\CAccessControlFilter.php:157
Stack trace:
#0 C:\Users\jsnook\phpFog\ucsc\framework\web\auth\CAccessControlFilter.php(120): CAccessControlFilter->accessDenied(Object(CWebUser), 'You are not aut...')
#1 C:\Users\jsnook\phpFog\ucsc\framework\web\filters\CFilter.php(39): CAccessControlFilter->preFilter(Object(CFilterChain))
#2 C:\Users\jsnook\phpFog\ucsc\framework\web\CController.php(1146): CFilter->filter(Object(CFilterChain))
#3 C:\Users\jsnook\phpFog\ucsc\framework\web\filters\CInlineFilter.php(59): CController->filterAccessControl(Object(CFilterChain))
#4 C:\Users\jsnook\phpFog\ucsc\framework\web\filters\CFilterChain.php(131): CInlineFilter->filter(Object(CFilterChain))
#5 C:\Users\jsnook\phpFog\ucsc\framework\web\CController.php(292): CFilterChain->run()
#6 C:\Users\jsnook\phpFog\ucsc\framework\web\CController.php(266): CController->runActionWithFilters(Object(CInlineAction), Array)
#7 C:\Users\jsnook\phpFog\ucsc\framework\web\CWebApplication.php(276): CController->run('courses')
#8 C:\Users\jsnook\phpFog\ucsc\framework\web\CWebApplication.php(135): CWebApplication->runController('drcUser/courses...')
#9 C:\Users\jsnook\phpFog\ucsc\framework\base\CApplication.php(162): CWebApplication->processRequest()
#10 C:\Users\jsnook\phpFog\ucsc\drc-etext\index.php(13): CApplication->run()
#11 {main}
REQUEST_URI=/drc-etext/index.php/drcUser/courses/username/astudent
---
2013/05/22 02:55:55 [warning] [application] Failed to set unsafe attribute "count" of "DrcUser".
in C:\Users\jsnook\phpFog\ucsc\drc-etext\protected\modules\base\models\BaseModel.php (84)
in C:\Users\jsnook\phpFog\ucsc\drc-etext\protected\modules\base\models\User.php (215)
in C:\Users\jsnook\phpFog\ucsc\drc-etext\protected\models\DrcUser.php (264)
2013/05/22 02:56:23 [warning] [application] Failed to set unsafe attribute "count" of "DrcUser".
in C:\Users\jsnook\phpFog\ucsc\drc-etext\protected\modules\base\models\BaseModel.php (84)
in C:\Users\jsnook\phpFog\ucsc\drc-etext\protected\modules\base\models\User.php (215)
in C:\Users\jsnook\phpFog\ucsc\drc-etext\protected\models\DrcUser.php (264)
